
ROM used:   823/1024 (80%)
            823/1024 (80%) including unused fragments

            0.9 Average locations per line
            3.6 Average locations per statement

RAM used:   26/64 (41%) at main() level
            29/64 (45%) worst case

Stack used: 6 worst case (4 in main + 2 for interrupts)
Stack size: 8

Lines Stmts  %   Files
----- ----- ---  -----
  417   228 100  sufian_code.c
  509     0   0  C:\Program Files (x86)\PICC\Devices\16F676.h
----- -----
  926   228 Total

Page ROM  %  RAM   Vol Diff  Functions:
---- --- --- ---   --- ----  ----------
 Inline         1             @delay_ms1
0     22   3    0   145  3.1  Timer0_isr
0    212  26    3  1613  8.8  ext_isr
0      9   1    0   380  5.1  @goto10522
0      9   1    0    74  1.6  timer1_isr
0     51   6    1    50  1.5  write
0     30   4    0    69  1.6  buzz
0     33   4    0   108  1.7  output
0     31   4    3   396  3.3  sbut
0      9   1    3   119  3.8  Gbut
0     10   1    0   115  2.1  off
0      4   0    0    50  1.5  high
0      4   0    0    50  1.5  med
0      4   0    0    50  1.5  low
0     25   3    0    78  1.6  times
0      8   1    0    82  1.6  timeron
0      6   1    0    82  1.6  timeroff
0     43   5    0   295  2.3  Init
0    235  29    3  3604  8.4  MAIN
0      8   1    0             @goto10710
 Inline         0             @cinit1

Program metrics:
    Functions               18
    Statements              228
    Comments                163
    Volume (V)              10964
    Difficulty (D)          55.0
    Effort to implement (E) 603238
    Time to implement (T)   9 hours, 19 minutes
    Est Delivered Bugs (B)  2
    Cyclomatic Complexity   47
    Maintainability (MI)    46

 Segment     Used  Free
-----------  ----  ----
00000-00003     4  0  
00004-0003F    60  0  
00040-003FF   759  201  



