

Microchip MPLAB XC8 Assembler V2.20 build 20200408173844 
                                                                                               Mon Sep 28 15:31:49 2020

Microchip MPLAB XC8 C Compiler v2.20 (Free license) build 20200408173844 Og1 
     1                           	processor	16F676
     2                           	pagewidth 120
     3                           	opt	flic
     4                           	psect	cinit,global,class=CODE,merge=1,delta=2
     5                           	psect	bitbssBANK0,global,bit,class=BANK0,space=1,delta=1,noexec
     6                           	psect	cstackBANK0,global,class=BANK0,space=1,delta=1,noexec
     7                           	psect	maintext,global,class=CODE,split=1,delta=2
     8                           	psect	config,global,abs,ovrld,class=CONFIG,space=4,delta=2,noexec
     9                           	dabs	1,0x5E,2
    10  0000                     
    11                           ; Version 2.20
    12                           ; Generated 12/02/2020 GMT
    13                           ; 
    14                           ; Copyright © 2020, Microchip Technology Inc. and its subsidiaries ("Microchip")
    15                           ; All rights reserved.
    16                           ; 
    17                           ; This software is developed by Microchip Technology Inc. and its subsidiaries ("Microch
      +                          ip").
    18                           ; 
    19                           ; Redistribution and use in source and binary forms, with or without modification, are
    20                           ; permitted provided that the following conditions are met:
    21                           ; 
    22                           ;     1. Redistributions of source code must retain the above copyright notice, this lis
      +                          t of
    23                           ;        conditions and the following disclaimer.
    24                           ; 
    25                           ;     2. Redistributions in binary form must reproduce the above copyright notice, this 
      +                          list
    26                           ;        of conditions and the following disclaimer in the documentation and/or other
    27                           ;        materials provided with the distribution.
    28                           ; 
    29                           ;     3. Microchip's name may not be used to endorse or promote products derived from th
      +                          is
    30                           ;        software without specific prior written permission.
    31                           ; 
    32                           ; THIS SOFTWARE IS PROVIDED BY MICROCHIP "AS IS" AND ANY EXPRESS OR IMPLIED WARRANTIES,
    33                           ; INCLUDING, BUT NOT LIMITED TO, THE IMPLIED WARRANTIES OF MERCHANTABILITY AND FITNESS F
      +                          OR
    34                           ; PURPOSE ARE DISCLAIMED.  IN NO EVENT SHALL MICROCHIP BE LIABLE FOR ANY DIRECT, INDIREC
      +                          T,
    35                           ; INCIDENTAL, SPECIAL, EXEMPLARY, OR CONSEQUENTIAL DAMAGES (INCLUDING BUT NOT LIMITED TO
    36                           ; PROCUREMENT OF SUBSTITUTE GOODS OR SERVICES; LOSS OF USE, DATA OR PROFITS; OR BUSINESS
    37                           ; INTERRUPTION) HOWSOEVER CAUSED AND ON ANY THEORY OF LIABILITY, WHETHER IN CONTRACT, ST
      +                          RICT
    38                           ; LIABILITY, OR TORT (INCLUDING NEGLIGENCE OR OTHERWISE) ARISING IN ANY WAY OUT OF THE U
      +                          SE OF
    39                           ; THIS SOFTWARE, EVEN IF ADVISED OF THE POSSIBILITY OF SUCH DAMAGE.
    40                           ; 
    41                           ; 
    42                           ; Code-generator required, PIC16F676 Definitions
    43                           ; 
    44                           ; SFR Addresses
    45  0000                     	;# 
    46  0001                     	;# 
    47  0002                     	;# 
    48  0003                     	;# 
    49  0004                     	;# 
    50  0005                     	;# 
    51  0007                     	;# 
    52  000A                     	;# 
    53  000B                     	;# 
    54  000C                     	;# 
    55  000E                     	;# 
    56  000E                     	;# 
    57  000F                     	;# 
    58  0010                     	;# 
    59  0019                     	;# 
    60  001E                     	;# 
    61  001F                     	;# 
    62  0081                     	;# 
    63  0085                     	;# 
    64  0087                     	;# 
    65  008C                     	;# 
    66  008E                     	;# 
    67  0090                     	;# 
    68  0091                     	;# 
    69  0095                     	;# 
    70  0095                     	;# 
    71  0096                     	;# 
    72  0096                     	;# 
    73  0099                     	;# 
    74  009A                     	;# 
    75  009A                     	;# 
    76  009B                     	;# 
    77  009C                     	;# 
    78  009D                     	;# 
    79  009E                     	;# 
    80  009F                     	;# 
    81  0000                     	;# 
    82  0001                     	;# 
    83  0002                     	;# 
    84  0003                     	;# 
    85  0004                     	;# 
    86  0005                     	;# 
    87  0007                     	;# 
    88  000A                     	;# 
    89  000B                     	;# 
    90  000C                     	;# 
    91  000E                     	;# 
    92  000E                     	;# 
    93  000F                     	;# 
    94  0010                     	;# 
    95  0019                     	;# 
    96  001E                     	;# 
    97  001F                     	;# 
    98  0081                     	;# 
    99  0085                     	;# 
   100  0087                     	;# 
   101  008C                     	;# 
   102  008E                     	;# 
   103  0090                     	;# 
   104  0091                     	;# 
   105  0095                     	;# 
   106  0095                     	;# 
   107  0096                     	;# 
   108  0096                     	;# 
   109  0099                     	;# 
   110  009A                     	;# 
   111  009A                     	;# 
   112  009B                     	;# 
   113  009C                     	;# 
   114  009D                     	;# 
   115  009E                     	;# 
   116  009F                     	;# 
   117  003D                     _RC5	set	61
   118  0087                     _TRISCbits	set	135
   119  0091                     _ANSEL	set	145
   120  0090                     _OSCCAL	set	144
   121                           
   122                           	psect	cinit
   123  03FB                     start_initialization:	
   124                           ; #config settings
   125                           
   126  03FB                     __initialization:
   127                           
   128                           ; Clear objects allocated to BITBANK0
   129  03FB  1283               	bcf	3,5	;RP0=0, select bank0
   130  03FC  01A3               	clrf	(__pbitbssBANK0/(0+8))& (0+127)
   131  03FD                     end_of_initialization:	
   132                           ;End of C runtime variable initialization code
   133                           
   134  03FD                     __end_of__initialization:
   135  03FD  0183               	clrf	3
   136  03FE  2BD6               	ljmp	_main	;jump to C main() function
   137                           
   138                           	psect	bitbssBANK0
   139  0118                     __pbitbssBANK0:
   140  0118                     _H:
   141  0118                     	ds	1
   142                           
   143                           	psect	cstackBANK0
   144  0020                     __pcstackBANK0:
   145  0020                     ?_main:
   146  0020                     ??_main:	
   147                           ; 1 bytes @ 0x0
   148                           
   149                           
   150                           ; 1 bytes @ 0x0
   151  0020                     	ds	3
   152                           
   153                           	psect	maintext
   154  03D6                     __pmaintext:	
   155 ;;
   156 ;;Main: autosize = 0, tempsize = 3, incstack = 0, save=0
   157 ;;
   158 ;; *************** function _main *****************
   159 ;; Defined at:
   160 ;;		line 455 in file "main.c"
   161 ;; Parameters:    Size  Location     Type
   162 ;;		None
   163 ;; Auto vars:     Size  Location     Type
   164 ;;		None
   165 ;; Return value:  Size  Location     Type
   166 ;;                  1    wreg      void 
   167 ;; Registers used:
   168 ;;		wreg, status,2
   169 ;; Tracked objects:
   170 ;;		On entry : B00/0
   171 ;;		On exit  : 0/0
   172 ;;		Unchanged: 0/0
   173 ;; Data sizes:     COMMON   BANK0
   174 ;;      Params:         0       0
   175 ;;      Locals:         0       0
   176 ;;      Temps:          0       3
   177 ;;      Totals:         0       3
   178 ;;Total ram usage:        3 bytes
   179 ;; This function calls:
   180 ;;		Nothing
   181 ;; This function is called by:
   182 ;;		Startup code after reset
   183 ;; This function uses a non-reentrant model
   184 ;;
   185                           
   186                           
   187                           ;psect for function _main
   188  03D6                     _main:
   189  03D6                     l626:	
   190                           ;incstack = 0
   191                           ; Regs used in _main: [wreg+status,2]
   192                           
   193                           
   194                           ;main.c: 457:   OSCCAL =0x2F;
   195  03D6  302F               	movlw	47
   196  03D7  1683               	bsf	3,5	;RP0=1, select bank1
   197  03D8  0090               	movwf	16	;volatile
   198  03D9                     l628:
   199                           
   200                           ;main.c: 459:   ANSEL = 0x00;
   201  03D9  0191               	clrf	17	;volatile
   202  03DA                     l630:
   203                           
   204                           ;main.c: 460:   TRISCbits.TRISC5 = 0;
   205  03DA  1287               	bcf	7,5	;volatile
   206  03DB                     l632:
   207                           
   208                           ;main.c: 464:   {;main.c: 465:       RC5=1;
   209  03DB  1283               	bcf	3,5	;RP0=0, select bank0
   210  03DC  1687               	bsf	7,5	;volatile
   211  03DD                     l634:
   212                           
   213                           ;main.c: 466:       _delay((unsigned long)((1000)*(4000000/4000.0)));
   214  03DD  3006               	movlw	6
   215  03DE  00A2               	movwf	??_main+2
   216  03DF  3013               	movlw	19
   217  03E0  00A1               	movwf	??_main+1
   218  03E1  30AD               	movlw	173
   219  03E2  00A0               	movwf	??_main
   220  03E3                     u17:
   221  03E3  0BA0               	decfsz	??_main,f
   222  03E4  2BE3               	goto	u17
   223  03E5  0BA1               	decfsz	??_main+1,f
   224  03E6  2BE3               	goto	u17
   225  03E7  0BA2               	decfsz	??_main+2,f
   226  03E8  2BE3               	goto	u17
   227  03E9  2BEA               	nop2
   228  03EA                     l636:
   229                           
   230                           ;main.c: 467:       RC5=0;
   231  03EA  1283               	bcf	3,5	;RP0=0, select bank0
   232  03EB  1287               	bcf	7,5	;volatile
   233  03EC                     l638:
   234                           
   235                           ;main.c: 468:       _delay((unsigned long)((1000)*(4000000/4000.0)));
   236  03EC  3006               	movlw	6
   237  03ED  00A2               	movwf	??_main+2
   238  03EE  3013               	movlw	19
   239  03EF  00A1               	movwf	??_main+1
   240  03F0  30AD               	movlw	173
   241  03F1  00A0               	movwf	??_main
   242  03F2                     u27:
   243  03F2  0BA0               	decfsz	??_main,f
   244  03F3  2BF2               	goto	u27
   245  03F4  0BA1               	decfsz	??_main+1,f
   246  03F5  2BF2               	goto	u27
   247  03F6  0BA2               	decfsz	??_main+2,f
   248  03F7  2BF2               	goto	u27
   249  03F8  2BF9               	nop2
   250  03F9  2BDB               	goto	l632
   251  03FA  2800               	ljmp	start
   252  03FB                     __end_of_main:
   253  005E                     btemp	set	94	;btemp
   254  005E                     wtemp0	set	94
   255                           
   256                           	psect	config
   257                           
   258                           ;Config register CONFIG @ 0x2007
   259                           ;	Oscillator Selection bits
   260                           ;	FOSC = INTRCIO, INTOSC oscillator: I/O function on RA4/OSC2/CLKOUT pin, I/O function o
      +                          n RA5/OSC1/CLKIN
   261                           ;	Watchdog Timer Enable bit
   262                           ;	WDTE = OFF, WDT disabled
   263                           ;	Power-up Timer Enable bit
   264                           ;	PWRTE = OFF, PWRT disabled
   265                           ;	RA3/MCLR pin function select
   266                           ;	MCLRE = OFF, RA3/MCLR pin function is digital I/O, MCLR internally tied to VDD
   267                           ;	Brown-out Detect Enable bit
   268                           ;	BOREN = OFF, BOD disabled
   269                           ;	Code Protection bit
   270                           ;	CP = OFF, Program Memory code protection is disabled
   271                           ;	Data Code Protection bit
   272                           ;	CPD = OFF, Data memory code protection is disabled
   273  2007                     	org	8199
   274  2007  3F94               	dw	16276

Data Sizes:
    Strings     0
    Constant    0
    Data        0
    BSS         0
    Persistent  0
    Stack       0

Auto Spaces:
    Space          Size  Autos    Used
    COMMON            0      0       0
    BANK0            62      3       4

Pointer List with Targets:

    None.

Critical Paths under _main in COMMON

    None.

Critical Paths under _main in BANK0

    None.

Call Graph Tables:

 ---------------------------------------------------------------------------------
 (Depth) Function   	        Calls       Base Space   Used Autos Params    Refs
 ---------------------------------------------------------------------------------
 (0) _main                                                 3     3      0       0
                                              0 BANK0      3     3      0
 ---------------------------------------------------------------------------------
 Estimated maximum stack depth 0
 ---------------------------------------------------------------------------------

 Call Graph Graphs:

 _main (ROOT)

 Address spaces:
Name               Size   Autos  Total    Cost      Usage
BITCOMMON            0      0       0       0        0.0%
EEDATA              80      0       0       0        0.0%
NULL                 0      0       0       0        0.0%
CODE                 0      0       0       0        0.0%
BITSFR0              0      0       0       1        0.0%
SFR0                 0      0       0       1        0.0%
COMMON               0      0       0       1        0.0%
BITSFR1              0      0       0       2        0.0%
SFR1                 0      0       0       2        0.0%
STACK                0      0       0       2        0.0%
BITBANK0            3E      0       1       3        1.6%
BANK0               3E      3       4       4        6.5%
ABS                  0      0       4       5        0.0%
DATA                 0      0       4       6        0.0%


Microchip Technology PIC Macro Assembler V2.20 build 20200408173844 
Symbol Table                                                                                   Mon Sep 28 15:31:49 2020

                      _H 0118                       u17 03E3                       u27 03F2  
                    l630 03DA                      l632 03DB                      l634 03DD  
                    l626 03D6                      l636 03EA                      l628 03D9  
                    l638 03EC                      _RC5 003D                     _main 03D6  
                   btemp 005E                     start 0000                    ?_main 0020  
                  _ANSEL 0091                    status 0003                    wtemp0 005E  
        __initialization 03FB             __end_of_main 03FB                   ??_main 0020  
                 _OSCCAL 0090  __end_of__initialization 03FD               __pmaintext 03D6  
   end_of_initialization 03FD                _TRISCbits 0087            __pbitbssBANK0 0118  
    start_initialization 03FB                ___latbits 0000            __pcstackBANK0 0020  
          __size_of_main 0025  
